[2024/11/23 00:47:21] LocalTracks INFO: get_tracks: modules_folder = /home/runner/work/magisk/magisk/modules
[2024/11/23 00:47:21] LocalTracks INFO: get_tracks: size = 1
[2024/11/23 00:47:21] Pull DEBUG: from_track: [xmlpak-RE-XH] -> type: ONLINE_JSON
[2024/11/23 00:47:21] Pull INFO: _check_version_code: [xmlpak-RE-XH] -> already the latest version
[2024/11/23 00:47:22] LocalTracks INFO: get_tracks: modules_folder = /home/runner/work/magisk/magisk/modules
[2024/11/23 00:47:22] LocalTracks INFO: get_tracks: size = 1
[2024/11/23 06:13:14] LocalTracks INFO: get_tracks: modules_folder = /home/runner/work/magisk/magisk/modules
[2024/11/23 06:13:14] LocalTracks INFO: get_tracks: size = 1
[2024/11/23 06:13:14] Pull DEBUG: from_track: [xmlpak-RE-XH] -> type: ONLINE_JSON
[2024/11/23 06:13:14] Pull INFO: _check_version_code: [xmlpak-RE-XH] -> already the latest version
[2024/11/23 06:13:15] LocalTracks INFO: get_tracks: modules_folder = /home/runner/work/magisk/magisk/modules
[2024/11/23 06:13:15] LocalTracks INFO: get_tracks: size = 1
[2024/11/23 12:17:04] LocalTracks INFO: get_tracks: modules_folder = /home/runner/work/magisk/magisk/modules
[2024/11/23 12:17:04] LocalTracks INFO: get_tracks: size = 1
[2024/11/23 12:17:04] Pull DEBUG: from_track: [xmlpak-RE-XH] -> type: ONLINE_JSON
[2024/11/23 12:17:05] Sync INFO: update: [xmlpak-RE-XH] -> update to v10.4 (104)
[2024/11/23 12:17:05] LocalTracks INFO: get_tracks: modules_folder = /home/runner/work/magisk/magisk/modules
[2024/11/23 12:17:05] LocalTracks INFO: get_tracks: size = 1
[2024/11/23 18:12:06] LocalTracks INFO: get_tracks: modules_folder = /home/runner/work/magisk/magisk/modules
[2024/11/23 18:12:06] LocalTracks INFO: get_tracks: size = 1
[2024/11/23 18:12:06] Pull DEBUG: from_track: [xmlpak-RE-XH] -> type: ONLINE_JSON
[2024/11/23 18:12:06] Pull INFO: _check_version_code: [xmlpak-RE-XH] -> already the latest version
[2024/11/23 18:12:07] LocalTracks INFO: get_tracks: modules_folder = /home/runner/work/magisk/magisk/modules
[2024/11/23 18:12:07] LocalTracks INFO: get_tracks: size = 1
